<?xml version="1.0" encoding="utf-8" standalone="no"?>
<!--This file represents the results of running a test suite-->
<test-results name="F:\Projects\unity\UnityVSModuleBuilder\UnityVSModuleBuilder\UnityVSModuleBuilderTests\UnityVSModuleBuilderTests.csproj" total="3" errors="0" failures="0" not-run="0" inconclusive="0" ignored="0" skipped="0" invalid="0" date="2015-01-21" time="23:17:32">
  <environment nunit-version="2.6.2.12296" clr-version="2.0.50727.8009" os-version="Microsoft Windows NT 6.2.9200.0" platform="Win32NT" cwd="F:\Projects\unity\UnityVSModuleBuilder\UnityVSModuleBuilder\UnityVSModuleBuilderTests" machine-name="HARRENHAL" user="Mark" user-domain="HARRENHAL" />
  <culture-info current-culture="en-US" current-uiculture="en-US" />
  <test-suite type="Project" name="F:\Projects\unity\UnityVSModuleBuilder\UnityVSModuleBuilder\UnityVSModuleBuilderTests\UnityVSModuleBuilderTests.csproj" executed="True" result="Success" success="True" time="0.331" asserts="0">
    <results>
      <test-suite type="Assembly" name="F:\Projects\unity\UnityVSModuleBuilder\UnityVSModuleBuilder\UnityVSModuleBuilderTests\bin\Debug\TempProjBuilderTests.dll" executed="True" result="Success" success="True" time="0.317" asserts="0">
        <results>
          <test-suite type="Namespace" name="UnityVSModuleBuilder" executed="True" result="Success" success="True" time="0.317" asserts="0">
            <results>
              <test-suite type="Namespace" name="Overlay" executed="True" result="Success" success="True" time="0.025" asserts="0">
                <results>
                  <test-suite type="TestFixture" name="ProjectNameOverlayTest" executed="True" result="Success" success="True" time="0.024" asserts="0">
                    <results>
                      <test-case name="UnityVSModuleBuilder.Overlay.ProjectNameOverlayTest.TestNameReplacement" executed="True" result="Success" success="True" time="0.015" asserts="0" />
                    </results>
                  </test-suite>
                </results>
              </test-suite>
              <test-suite type="TestFixture" name="TemplateProjectBuilderTest" executed="True" result="Success" success="True" time="0.287" asserts="0">
                <results>
                  <test-case name="UnityVSModuleBuilder.TemplateProjectBuilderTest.TestProjectBuildNameOverlayFailure" executed="True" result="Success" success="True" time="0.274" asserts="1" />
                  <test-case name="UnityVSModuleBuilder.TemplateProjectBuilderTest.TestProjectBuildSuccess" executed="True" result="Success" success="True" time="0.013" asserts="1" />
                </results>
              </test-suite>
            </results>
          </test-suite>
        </results>
      </test-suite>
    </results>
  </test-suite>
</test-results>