<?xml version="1.0" encoding="utf-8" standalone="no"?>
<!--This file represents the results of running a test suite-->
<test-results name="F:\Projects\unity\UnityVSModuleBuilder\UnityVSModuleBuilder\UnityVSModuleBuilderTests\UnityVSModuleBuilderTests.csproj" total="8" errors="0" failures="0" not-run="0" inconclusive="0" ignored="0" skipped="0" invalid="0" date="2015-01-22" time="16:42:29">
  <environment nunit-version="2.6.2.12296" clr-version="2.0.50727.8009" os-version="Microsoft Windows NT 6.2.9200.0" platform="Win32NT" cwd="F:\Projects\unity\UnityVSModuleBuilder\UnityVSModuleBuilder\UnityVSModuleBuilderTests" machine-name="HARRENHAL" user="Mark" user-domain="HARRENHAL" />
  <culture-info current-culture="en-US" current-uiculture="en-US" />
  <test-suite type="Project" name="F:\Projects\unity\UnityVSModuleBuilder\UnityVSModuleBuilder\UnityVSModuleBuilderTests\UnityVSModuleBuilderTests.csproj" executed="True" result="Success" success="True" time="0.353" asserts="0">
    <results>
      <test-suite type="Assembly" name="F:\Projects\unity\UnityVSModuleBuilder\UnityVSModuleBuilder\UnityVSModuleBuilderTests\bin\Debug\UnityVSModuleBuilderTests.dll" executed="True" result="Success" success="True" time="0.340" asserts="0">
        <results>
          <test-suite type="Namespace" name="UnityVSModuleBuilder" executed="True" result="Success" success="True" time="0.340" asserts="0">
            <results>
              <test-suite type="Namespace" name="Implement" executed="True" result="Success" success="True" time="0.323" asserts="0">
                <results>
                  <test-suite type="TestFixture" name="BuildProjectRequestImplTest" executed="True" result="Success" success="True" time="0.035" asserts="0">
                    <results>
                      <test-case name="UnityVSModuleBuilder.Implement.BuildProjectRequestImplTest.TestCopyLocation" executed="True" result="Success" success="True" time="0.022" asserts="1" />
                      <test-case name="UnityVSModuleBuilder.Implement.BuildProjectRequestImplTest.TestProjectName" executed="True" result="Success" success="True" time="0.001" asserts="1" />
                    </results>
                  </test-suite>
                  <test-suite type="TestFixture" name="TemplateProjectBuilderTest" executed="True" result="Success" success="True" time="0.285" asserts="0">
                    <results>
                      <test-case name="UnityVSModuleBuilder.Implement.TemplateProjectBuilderTest.TestProjectBuildNameOverlayFailure" executed="True" result="Success" success="True" time="0.266" asserts="1" />
                      <test-case name="UnityVSModuleBuilder.Implement.TemplateProjectBuilderTest.TestProjectBuildSuccess" executed="True" result="Success" success="True" time="0.015" asserts="1" />
                      <test-case name="UnityVSModuleBuilder.Implement.TemplateProjectBuilderTest.TestProjectBuildTemplateCopyFailure" executed="True" result="Success" success="True" time="0.002" asserts="1" />
                    </results>
                  </test-suite>
                </results>
              </test-suite>
              <test-suite type="Namespace" name="Overlay" executed="True" result="Success" success="True" time="0.003" asserts="0">
                <results>
                  <test-suite type="TestFixture" name="ProjectNameOverlayTest" executed="True" result="Success" success="True" time="0.003" asserts="0">
                    <results>
                      <test-case name="UnityVSModuleBuilder.Overlay.ProjectNameOverlayTest.TestNameReplacement" executed="True" result="Success" success="True" time="0.003" asserts="0" />
                    </results>
                  </test-suite>
                </results>
              </test-suite>
              <test-suite type="Namespace" name="TemplateCopy" executed="True" result="Success" success="True" time="0.011" asserts="0">
                <results>
                  <test-suite type="TestFixture" name="TemplateCopyControllerImplTest" executed="True" result="Success" success="True" time="0.011" asserts="0">
                    <results>
                      <test-case name="UnityVSModuleBuilder.TemplateCopy.TemplateCopyControllerImplTest.TestCopyTemplateProject" executed="True" result="Success" success="True" time="0.007" asserts="1" />
                      <test-case name="UnityVSModuleBuilder.TemplateCopy.TemplateCopyControllerImplTest.TestCopyTemplateProjectFailure" executed="True" result="Success" success="True" time="0.003" asserts="1" />
                    </results>
                  </test-suite>
                </results>
              </test-suite>
            </results>
          </test-suite>
        </results>
      </test-suite>
    </results>
  </test-suite>
</test-results>